Arguments: 
  /usr/local/bin/node /usr/local/bin/yarn

PATH: 
  /usr/local/bin:/usr/bin:/bin:/usr/sbin:/sbin:/Library/Apple/usr/bin

Yarn version: 
  1.22.4

Node version: 
  12.18.0

Platform: 
  darwin x64

Trace: 
  Error: https://registry.yarnpkg.com/@vant%2fweapp: ETIMEDOUT
      at Timeout._onTimeout (/usr/local/lib/node_modules/yarn/lib/cli.js:141408:19)
      at listOnTimeout (internal/timers.js:549:17)
      at processTimers (internal/timers.js:492:7)

npm manifest: 
  {
    "name": "miniprogram",
    "version": "1.0.0",
    "description": "",
    "main": "app.js",
    "scripts": {
      "test": "echo \"Error: no test specified\" && exit 1",
      "build": "gulp css"
    },
    "keywords": [],
    "author": "",
    "license": "ISC",
    "dependencies": {
      "@vant/weapp": "^1.3.0"
    },
    "devDependencies": {
      "gulp": "^4.0.2",
      "gulp-postcss": "^8.0.0",
      "postcss-pxtransform": "^2.2.4"
    }
  }

yarn manifest: 
  No manifest

Lockfile: 
  # THIS IS AN AUTOGENERATED FILE. DO NOT EDIT THIS FILE DIRECTLY.
  # yarn lockfile v1
